Nov 09, 2022 6:36:57 PM my.mobypay.creditScore.controller.CcrisController RequestdownloadFile
INFO: In [CcrisController:RequestdownloadFile] = Inside ExperianReport for user :MXXXXXXX XXXXX MXXXXXentity 720517125558
Nov 09, 2022 6:36:58 PM my.mobypay.creditScore.controller.CcrisController NricRegchecking
INFO: In [CcrisController:NricRegchecking] = NRIC without - Validation
Nov 09, 2022 6:37:01 PM my.mobypay.creditScore.controller.CcrisController RequestdownloadFile
SEVERE: In [CcrisController:RequestdownloadFile] = Checking Name Mismatch Response ->ExperianReportResponse(responseCode=400, responseMsg=Invalid Input, URL=null, BankruptcyCount=0, LegalSuitCount=0, TradeBureauCount=0, IScore=0, IScoreRiskGrade=0, IScoreGradeFormat=null, LegalActionBankingCount=0, BorrowerOutstanding=0.0, BankingCreditApprovedCount=0, BankingCreditApprovedAmount=0.0, BankingCreditPendingCount=0, BankingCreditPendingAmount=0.0, Refxml=null, Base64_pdf=null)
Nov 09, 2022 6:41:17 PM my.mobypay.creditScore.controller.CcrisController RequestdownloadFile
INFO: In [CcrisController:RequestdownloadFile] = Inside ExperianReport for user :MXXXXXXX XXXXX MXXXXXentity 720517125558
Nov 09, 2022 6:41:17 PM my.mobypay.creditScore.controller.CcrisController NricRegchecking
INFO: In [CcrisController:NricRegchecking] = NRIC without - Validation
Nov 09, 2022 6:41:19 PM my.mobypay.creditScore.controller.CcrisController RequestdownloadFile
SEVERE: In [CcrisController:RequestdownloadFile] = Checking Name Mismatch Response ->ExperianReportResponse(responseCode=400, responseMsg=Invalid Input, URL=null, BankruptcyCount=0, LegalSuitCount=0, TradeBureauCount=0, IScore=0, IScoreRiskGrade=0, IScoreGradeFormat=null, LegalActionBankingCount=0, BorrowerOutstanding=0.0, BankingCreditApprovedCount=0, BankingCreditApprovedAmount=0.0, BankingCreditPendingCount=0, BankingCreditPendingAmount=0.0, Refxml=null, Base64_pdf=null)
Nov 09, 2022 6:46:23 PM my.mobypay.creditScore.controller.CcrisController RequestdownloadFile
INFO: In [CcrisController:RequestdownloadFile] = Inside ExperianReport for user :MXXXXXXX XXXXX MXXXXXentity 720517125558
Nov 09, 2022 6:46:24 PM my.mobypay.creditScore.controller.CcrisController NricRegchecking
INFO: In [CcrisController:NricRegchecking] = NRIC without - Validation
Nov 09, 2022 6:46:25 PM my.mobypay.creditScore.controller.CcrisController RequestdownloadFile
SEVERE: In [CcrisController:RequestdownloadFile] = Checking Name Mismatch Response ->ExperianReportResponse(responseCode=400, responseMsg=Invalid Input, URL=null, BankruptcyCount=0, LegalSuitCount=0, TradeBureauCount=0, IScore=0, IScoreRiskGrade=0, IScoreGradeFormat=null, LegalActionBankingCount=0, BorrowerOutstanding=0.0, BankingCreditApprovedCount=0, BankingCreditApprovedAmount=0.0, BankingCreditPendingCount=0, BankingCreditPendingAmount=0.0, Refxml=null, Base64_pdf=null)
Nov 09, 2022 6:47:37 PM my.mobypay.creditScore.controller.CcrisController RequestdownloadFile
INFO: In [CcrisController:RequestdownloadFile] = Inside ExperianReport for user :MXXXXXXX XXXXX MXXXXXentity 720517125558
Nov 09, 2022 6:47:37 PM my.mobypay.creditScore.controller.CcrisController NricRegchecking
INFO: In [CcrisController:NricRegchecking] = NRIC without - Validation
Nov 09, 2022 6:47:39 PM my.mobypay.creditScore.controller.CcrisController RequestdownloadFile
SEVERE: In [CcrisController:RequestdownloadFile] = Checking Name Mismatch Response ->ExperianReportResponse(responseCode=400, responseMsg=Invalid Input, URL=null, BankruptcyCount=0, LegalSuitCount=0, TradeBureauCount=0, IScore=0, IScoreRiskGrade=0, IScoreGradeFormat=null, LegalActionBankingCount=0, BorrowerOutstanding=0.0, BankingCreditApprovedCount=0, BankingCreditApprovedAmount=0.0, BankingCreditPendingCount=0, BankingCreditPendingAmount=0.0, Refxml=null, Base64_pdf=null)
Nov 09, 2022 6:51:16 PM my.mobypay.creditScore.controller.CcrisController RequestdownloadFile
INFO: In [CcrisController:RequestdownloadFile] = Inside ExperianReport for user :MXXXXXXX XXXXX MXXXXXentity 720517125558
Nov 09, 2022 6:51:16 PM my.mobypay.creditScore.controller.CcrisController NricRegchecking
INFO: In [CcrisController:NricRegchecking] = NRIC without - Validation
Nov 09, 2022 6:51:18 PM my.mobypay.creditScore.controller.CcrisController RequestdownloadFile
SEVERE: In [CcrisController:RequestdownloadFile] = Checking Name Mismatch Response ->ExperianReportResponse(responseCode=400, responseMsg=Invalid Input, URL=null, BankruptcyCount=0, LegalSuitCount=0, TradeBureauCount=0, IScore=0, IScoreRiskGrade=0, IScoreGradeFormat=null, LegalActionBankingCount=0, BorrowerOutstanding=0.0, BankingCreditApprovedCount=0, BankingCreditApprovedAmount=0.0, BankingCreditPendingCount=0, BankingCreditPendingAmount=0.0, Refxml=null, Base64_pdf=null)
Nov 09, 2022 6:53:42 PM my.mobypay.creditScore.controller.CcrisController RequestdownloadFile
INFO: In [CcrisController:RequestdownloadFile] = Inside ExperianReport for user :MXXXXXXX XXXXX MXXXXXentity 720517125558
Nov 09, 2022 6:53:42 PM my.mobypay.creditScore.controller.CcrisController NricRegchecking
INFO: In [CcrisController:NricRegchecking] = NRIC without - Validation
Nov 09, 2022 6:53:44 PM my.mobypay.creditScore.controller.CcrisController RequestdownloadFile
SEVERE: In [CcrisController:RequestdownloadFile] = Checking Name Mismatch Response ->ExperianReportResponse(responseCode=400, responseMsg=Invalid Input, URL=null, BankruptcyCount=0, LegalSuitCount=0, TradeBureauCount=0, IScore=0, IScoreRiskGrade=0, IScoreGradeFormat=null, LegalActionBankingCount=0, BorrowerOutstanding=0.0, BankingCreditApprovedCount=0, BankingCreditApprovedAmount=0.0, BankingCreditPendingCount=0, BankingCreditPendingAmount=0.0, Refxml=null, Base64_pdf=null)
Nov 09, 2022 6:59:45 PM my.mobypay.creditScore.controller.CcrisController RequestdownloadFile
INFO: In [CcrisController:RequestdownloadFile] = Inside ExperianReport for user :MXXXXXXX XXXXX MXXXXXentity 720517125558
Nov 09, 2022 6:59:46 PM my.mobypay.creditScore.controller.CcrisController NricRegchecking
INFO: In [CcrisController:NricRegchecking] = NRIC without - Validation
Nov 09, 2022 6:59:47 PM my.mobypay.creditScore.controller.CcrisController RequestdownloadFile
SEVERE: In [CcrisController:RequestdownloadFile] = Checking Name Mismatch Response ->ExperianReportResponse(responseCode=400, responseMsg=Invalid Input, URL=null, BankruptcyCount=0, LegalSuitCount=0, TradeBureauCount=0, IScore=0, IScoreRiskGrade=0, IScoreGradeFormat=null, LegalActionBankingCount=0, BorrowerOutstanding=0.0, BankingCreditApprovedCount=0, BankingCreditApprovedAmount=0.0, BankingCreditPendingCount=0, BankingCreditPendingAmount=0.0, Refxml=null, Base64_pdf=null)
Nov 09, 2022 7:01:44 PM my.mobypay.creditScore.controller.CcrisController RequestdownloadFile
INFO: In [CcrisController:RequestdownloadFile] = Inside ExperianReport for user :MXXXXXXX XXXXX MXXXXXentity 720517125558
Nov 09, 2022 7:01:44 PM my.mobypay.creditScore.controller.CcrisController NricRegchecking
INFO: In [CcrisController:NricRegchecking] = NRIC without - Validation
Nov 09, 2022 7:01:46 PM my.mobypay.creditScore.controller.CcrisController RequestdownloadFile
SEVERE: In [CcrisController:RequestdownloadFile] = Checking Name Mismatch Response ->ExperianReportResponse(responseCode=400, responseMsg=Invalid Input, URL=null, BankruptcyCount=0, LegalSuitCount=0, TradeBureauCount=0, IScore=0, IScoreRiskGrade=0, IScoreGradeFormat=null, LegalActionBankingCount=0, BorrowerOutstanding=0.0, BankingCreditApprovedCount=0, BankingCreditApprovedAmount=0.0, BankingCreditPendingCount=0, BankingCreditPendingAmount=0.0, Refxml=null, Base64_pdf=null)
Nov 09, 2022 7:04:09 PM my.mobypay.creditScore.controller.CcrisController RequestdownloadFile
INFO: In [CcrisController:RequestdownloadFile] = Inside ExperianReport for user :MXXXXXXX XXXXX MXXXXXentity 720517125558
Nov 09, 2022 7:04:09 PM my.mobypay.creditScore.controller.CcrisController NricRegchecking
INFO: In [CcrisController:NricRegchecking] = NRIC without - Validation
Nov 09, 2022 7:04:11 PM my.mobypay.creditScore.controller.CcrisController RequestdownloadFile
SEVERE: In [CcrisController:RequestdownloadFile] = Checking Name Mismatch Response ->ExperianReportResponse(responseCode=400, responseMsg=Invalid Input, URL=null, BankruptcyCount=0, LegalSuitCount=0, TradeBureauCount=0, IScore=0, IScoreRiskGrade=0, IScoreGradeFormat=null, LegalActionBankingCount=0, BorrowerOutstanding=0.0, BankingCreditApprovedCount=0, BankingCreditApprovedAmount=0.0, BankingCreditPendingCount=0, BankingCreditPendingAmount=0.0, Refxml=null, Base64_pdf=null)
Nov 09, 2022 7:06:20 PM my.mobypay.creditScore.controller.CcrisController RequestdownloadFile
INFO: In [CcrisController:RequestdownloadFile] = Inside ExperianReport for user :MXXXXXXX XXXXX MXXXXXentity 720517125558
Nov 09, 2022 7:06:20 PM my.mobypay.creditScore.controller.CcrisController NricRegchecking
INFO: In [CcrisController:NricRegchecking] = NRIC without - Validation
Nov 09, 2022 7:06:22 PM my.mobypay.creditScore.controller.CcrisController RequestdownloadFile
SEVERE: In [CcrisController:RequestdownloadFile] = Checking Name Mismatch Response ->ExperianReportResponse(responseCode=400, responseMsg=Invalid Input, URL=null, BankruptcyCount=0, LegalSuitCount=0, TradeBureauCount=0, IScore=0, IScoreRiskGrade=0, IScoreGradeFormat=null, LegalActionBankingCount=0, BorrowerOutstanding=0.0, BankingCreditApprovedCount=0, BankingCreditApprovedAmount=0.0, BankingCreditPendingCount=0, BankingCreditPendingAmount=0.0, Refxml=null, Base64_pdf=null)
Nov 09, 2022 7:09:37 PM my.mobypay.creditScore.controller.CcrisController RequestdownloadFile
INFO: In [CcrisController:RequestdownloadFile] = Inside ExperianReport for user :MXXXXXXX XXXXX MXXXXXentity 720517125558
Nov 09, 2022 7:09:37 PM my.mobypay.creditScore.controller.CcrisController NricRegchecking
INFO: In [CcrisController:NricRegchecking] = NRIC without - Validation
Nov 09, 2022 7:09:39 PM my.mobypay.creditScore.controller.CcrisController RequestdownloadFile
SEVERE: In [CcrisController:RequestdownloadFile] = Checking Name Mismatch Response ->ExperianReportResponse(responseCode=400, responseMsg=Invalid Input, URL=null, BankruptcyCount=0, LegalSuitCount=0, TradeBureauCount=0, IScore=0, IScoreRiskGrade=0, IScoreGradeFormat=null, LegalActionBankingCount=0, BorrowerOutstanding=0.0, BankingCreditApprovedCount=0, BankingCreditApprovedAmount=0.0, BankingCreditPendingCount=0, BankingCreditPendingAmount=0.0, Refxml=null, Base64_pdf=null)
Nov 09, 2022 7:11:21 PM my.mobypay.creditScore.controller.CcrisController RequestdownloadFile
INFO: In [CcrisController:RequestdownloadFile] = Inside ExperianReport for user :MXXXXXXX XXXXX MXXXXXentity 720517125558
Nov 09, 2022 7:11:21 PM my.mobypay.creditScore.controller.CcrisController NricRegchecking
INFO: In [CcrisController:NricRegchecking] = NRIC without - Validation
Nov 09, 2022 7:11:23 PM my.mobypay.creditScore.controller.CcrisController RequestdownloadFile
SEVERE: In [CcrisController:RequestdownloadFile] = Checking Name Mismatch Response ->ExperianReportResponse(responseCode=400, responseMsg=Invalid Input, URL=null, BankruptcyCount=0, LegalSuitCount=0, TradeBureauCount=0, IScore=0, IScoreRiskGrade=0, IScoreGradeFormat=null, LegalActionBankingCount=0, BorrowerOutstanding=0.0, BankingCreditApprovedCount=0, BankingCreditApprovedAmount=0.0, BankingCreditPendingCount=0, BankingCreditPendingAmount=0.0, Refxml=null, Base64_pdf=null)
Nov 09, 2022 7:14:54 PM my.mobypay.creditScore.controller.CcrisController RequestdownloadFile
INFO: In [CcrisController:RequestdownloadFile] = Inside ExperianReport for user :MXXXXXXX XXXXX MXXXXXentity 720517125558
Nov 09, 2022 7:14:54 PM my.mobypay.creditScore.controller.CcrisController NricRegchecking
INFO: In [CcrisController:NricRegchecking] = NRIC without - Validation
Nov 09, 2022 7:14:56 PM my.mobypay.creditScore.controller.CcrisController RequestdownloadFile
SEVERE: In [CcrisController:RequestdownloadFile] = Checking Name Mismatch Response ->ExperianReportResponse(responseCode=400, responseMsg=Invalid Input, URL=null, BankruptcyCount=0, LegalSuitCount=0, TradeBureauCount=0, IScore=0, IScoreRiskGrade=0, IScoreGradeFormat=null, LegalActionBankingCount=0, BorrowerOutstanding=0.0, BankingCreditApprovedCount=0, BankingCreditApprovedAmount=0.0, BankingCreditPendingCount=0, BankingCreditPendingAmount=0.0, Refxml=null, Base64_pdf=null)
Nov 09, 2022 7:16:17 PM my.mobypay.creditScore.controller.CcrisController RequestdownloadFile
INFO: In [CcrisController:RequestdownloadFile] = Inside ExperianReport for user :MXXXXXXX XXXXX MXXXXXentity 720517125558
Nov 09, 2022 7:16:17 PM my.mobypay.creditScore.controller.CcrisController NricRegchecking
INFO: In [CcrisController:NricRegchecking] = NRIC without - Validation
Nov 09, 2022 7:16:19 PM my.mobypay.creditScore.controller.CcrisController RequestdownloadFile
SEVERE: In [CcrisController:RequestdownloadFile] = Checking Name Mismatch Response ->ExperianReportResponse(responseCode=400, responseMsg=Invalid Input, URL=null, BankruptcyCount=0, LegalSuitCount=0, TradeBureauCount=0, IScore=0, IScoreRiskGrade=0, IScoreGradeFormat=null, LegalActionBankingCount=0, BorrowerOutstanding=0.0, BankingCreditApprovedCount=0, BankingCreditApprovedAmount=0.0, BankingCreditPendingCount=0, BankingCreditPendingAmount=0.0, Refxml=null, Base64_pdf=null)
Nov 09, 2022 7:24:59 PM my.mobypay.creditScore.controller.CcrisController RequestdownloadFile
INFO: In [CcrisController:RequestdownloadFile] = Inside ExperianReport for user :MXXXXXXX XXXXX MXXXXXentity 720517125558
Nov 09, 2022 7:24:59 PM my.mobypay.creditScore.controller.CcrisController NricRegchecking
INFO: In [CcrisController:NricRegchecking] = NRIC without - Validation
Nov 09, 2022 7:25:00 PM my.mobypay.creditScore.controller.CcrisController RequestdownloadFile
SEVERE: In [CcrisController:RequestdownloadFile] = Checking Name Mismatch Response ->ExperianReportResponse(responseCode=400, responseMsg=Invalid Input, URL=null, BankruptcyCount=0, LegalSuitCount=0, TradeBureauCount=0, IScore=0, IScoreRiskGrade=0, IScoreGradeFormat=null, LegalActionBankingCount=0, BorrowerOutstanding=0.0, BankingCreditApprovedCount=0, BankingCreditApprovedAmount=0.0, BankingCreditPendingCount=0, BankingCreditPendingAmount=0.0, Refxml=null, Base64_pdf=null)
Nov 09, 2022 7:26:56 PM my.mobypay.creditScore.controller.CcrisController RequestdownloadFile
INFO: In [CcrisController:RequestdownloadFile] = Inside ExperianReport for user :MXXXXXXX XXXXX MXXXXXentity 720517125558
Nov 09, 2022 7:26:56 PM my.mobypay.creditScore.controller.CcrisController NricRegchecking
INFO: In [CcrisController:NricRegchecking] = NRIC without - Validation
Nov 09, 2022 7:26:58 PM my.mobypay.creditScore.controller.CcrisController RequestdownloadFile
SEVERE: In [CcrisController:RequestdownloadFile] = Checking Name Mismatch Response ->ExperianReportResponse(responseCode=400, responseMsg=Invalid Input, URL=null, BankruptcyCount=0, LegalSuitCount=0, TradeBureauCount=0, IScore=0, IScoreRiskGrade=0, IScoreGradeFormat=null, LegalActionBankingCount=0, BorrowerOutstanding=0.0, BankingCreditApprovedCount=0, BankingCreditApprovedAmount=0.0, BankingCreditPendingCount=0, BankingCreditPendingAmount=0.0, Refxml=null, Base64_pdf=null)
