Feb 01, 2023 5:01:06 PM my.mobypay.creditScore.controller.CcrisController processReports
INFO: In [CcrisController:processReports] = Inside CreditCheckOnRegisterUats for user MOHD GHAZALI MOHAMMAD SHAFFIEentity 850704105179
Feb 01, 2023 5:01:07 PM my.mobypay.creditScore.controller.CcrisController NricRegchecking
INFO: In [CcrisController:NricRegchecking] = NRIC without - Validation
Feb 01, 2023 5:01:12 PM my.mobypay.creditScore.controller.CcrisController processReports
INFO: In [CcrisController:processReports] = Inside Controller retrival count if block
Feb 01, 2023 5:01:13 PM my.mobypay.creditScore.controller.CcrisController processReports
INFO: In [CcrisController:processReports] = Request->UserSearchRequest(clientId=1, name=MOHD GHAZALI MOHAMMAD SHAFFIE, entityId=850704105179, purchaseAmount=null, serviceName=null, DOB=null, country=MY)
Feb 01, 2023 5:01:13 PM my.mobypay.creditScore.controller.CcrisController processReports
INFO: In [CcrisController:processReports] = Customer spending limit Response ->CustomerSpendingLimitResponse(isRegistrationAllowed=false, isNricExist=false, isNameNricMatched=false, maximumAllowedInstallments=0, maximumSpendingLimit=0, statusCode=404, errorMessage=401 Unauthorized: [no body]*********Caused By**********null)
Feb 01, 2023 5:06:33 PM my.mobypay.creditScore.controller.CcrisController processReports
INFO: In [CcrisController:processReports] = Inside CreditCheckOnRegisterUats for user MOHD GHAZALI MOHAMMAD SHAFFIEentity 600401105997
Feb 01, 2023 5:06:38 PM my.mobypay.creditScore.controller.CcrisController NricRegchecking
INFO: In [CcrisController:NricRegchecking] = NRIC without - Validation
Feb 01, 2023 5:19:44 PM my.mobypay.creditScore.controller.CcrisController processReports
INFO: In [CcrisController:processReports] = Inside Controller retrival count if block
Feb 01, 2023 5:19:45 PM my.mobypay.creditScore.controller.CcrisController processReports
INFO: In [CcrisController:processReports] = Request->UserSearchRequest(clientId=1, name=MOHD GHAZALI MOHAMMAD SHAFFIE, entityId=600401105997, purchaseAmount=null, serviceName=null, DOB=null, country=MY)
Feb 01, 2023 5:19:45 PM my.mobypay.creditScore.controller.CcrisController processReports
INFO: In [CcrisController:processReports] = Customer spending limit Response ->CustomerSpendingLimitResponse(isRegistrationAllowed=false, isNricExist=false, isNameNricMatched=false, maximumAllowedInstallments=0, maximumSpendingLimit=0, statusCode=404, errorMessage=401 Unauthorized: [no body]*********Caused By**********null)
